<?xml version="1.0" encoding="UTF-8"?>
<testsuite xmlns:xsi="http://www.w3.org/2001/XMLSchema-instance" xsi:noNamespaceSchemaLocation="https://maven.apache.org/surefire/maven-surefire-plugin/xsd/surefire-test-report-3.0.xsd" version="3.0" name="com.proadmin.icfes.IcfesApplicationTests" time="7.607" tests="1" errors="0" skipped="0" failures="0">
  <properties>
[...]
</properties>
  <testcase name="contextLoads" classname="com.proadmin.icfes.IcfesApplicationTests" time="1.467">
    <system-out><![CDATA[17:47:10.055 [main] INFO org.springframework.test.context.support.AnnotationConfigContextLoaderUtils -- Could not detect default configuration classes for test class [com.proadmin.icfes.IcfesApplicationTests]: IcfesApplicationTests does not declare any static, non-private, non-final, nested classes annotated with @Configuration.
17:47:10.252 [main] INFO org.springframework.boot.test.context.SpringBootTestContextBootstrapper -- Found @SpringBootConfiguration com.proadmin.icfes.IcfesApplication for test class com.proadmin.icfes.IcfesApplicationTests
17:47:10.599 [main] INFO org.springframework.boot.devtools.restart.RestartApplicationListener -- Restart disabled due to context in which it is running

  .   ____          _            __ _ _
 /\\ / ___'_ __ _ _(_)_ __  __ _ \ \ \ \
( ( )\___ | '_ | '_| | '_ \/ _` | \ \ \ \
 \\/  ___)| |_)| | | | | || (_| |  ) ) ) )
  '  |____| .__|_| |_|_| |_\__, | / / / /
 =========|_|==============|___/=/_/_/_/

 :: Spring Boot ::                (v3.3.4)

2024-10-23T17:47:11.039-05:00  INFO 3688 --- [icfes] [           main] c.proadmin.icfes.IcfesApplicationTests   : Starting IcfesApplicationTests using Java 17.0.5 with PID 3688 (started by angel in D:\Angel\Documents\Aplicaciones empresariales\parcial2)
2024-10-23T17:47:11.041-05:00  INFO 3688 --- [icfes] [           main] c.proadmin.icfes.IcfesApplicationTests   : No active profile set, falling back to 1 default profile: "default"
2024-10-23T17:47:12.263-05:00  INFO 3688 --- [icfes] [           main] .s.d.r.c.RepositoryConfigurationDelegate : Bootstrapping Spring Data MongoDB repositories in DEFAULT mode.
2024-10-23T17:47:12.413-05:00  INFO 3688 --- [icfes] [           main] .s.d.r.c.RepositoryConfigurationDelegate : Finished Spring Data repository scanning in 139 ms. Found 3 MongoDB repository interfaces.
2024-10-23T17:47:13.777-05:00  INFO 3688 --- [icfes] [           main] org.mongodb.driver.client                : MongoClient with metadata {"driver": {"name": "mongo-java-driver|sync|spring-boot", "version": "5.0.1"}, "os": {"type": "Windows", "name": "Windows 10", "architecture": "amd64", "version": "10.0"}, "platform": "Java/Oracle Corporation/17.0.5+9-LTS-191"} created with settings MongoClientSettings{readPreference=primary, writeConcern=WriteConcern{w=null, wTimeout=null ms, journal=null}, retryWrites=true, retryReads=true, readConcern=ReadConcern{level=null}, credential=MongoCredential{mechanism=null, userName='coordi', source='admin', password=<hidden>, mechanismProperties=<hidden>}, transportSettings=null, commandListeners=[], codecRegistry=ProvidersCodecRegistry{codecProviders=[ValueCodecProvider{}, BsonValueCodecProvider{}, DBRefCodecProvider{}, DBObjectCodecProvider{}, DocumentCodecProvider{}, CollectionCodecProvider{}, IterableCodecProvider{}, MapCodecProvider{}, GeoJsonCodecProvider{}, GridFSFileCodecProvider{}, Jsr310CodecProvider{}, JsonObjectCodecProvider{}, BsonCodecProvider{}, EnumCodecProvider{}, com.mongodb.client.model.mql.ExpressionCodecProvider@4e224df5, com.mongodb.Jep395RecordCodecProvider@32456db0, com.mongodb.KotlinCodecProvider@5f5827d0]}, loggerSettings=LoggerSettings{maxDocumentLength=1000}, clusterSettings={hosts=[127.0.0.1:27017], srvHost=icfes.7tg2j.mongodb.net, srvServiceName=mongodb, mode=MULTIPLE, requiredClusterType=REPLICA_SET, requiredReplicaSetName='atlas-14c1jm-shard-0', serverSelector='null', clusterListeners='[]', serverSelectionTimeout='30000 ms', localThreshold='15 ms'}, socketSettings=SocketSettings{connectTimeoutMS=10000, readTimeoutMS=0, receiveBufferSize=0, proxySettings=ProxySettings{host=null, port=null, username=null, password=null}}, heartbeatSocketSettings=SocketSettings{connectTimeoutMS=10000, readTimeoutMS=10000, receiveBufferSize=0, proxySettings=ProxySettings{host=null, port=null, username=null, password=null}}, connectionPoolSettings=ConnectionPoolSettings{maxSize=100, minSize=0, maxWaitTimeMS=120000, maxConnectionLifeTimeMS=0, maxConnectionIdleTimeMS=0, maintenanceInitialDelayMS=0, maintenanceFrequencyMS=60000, connectionPoolListeners=[], maxConnecting=2}, serverSettings=ServerSettings{heartbeatFrequencyMS=10000, minHeartbeatFrequencyMS=500, serverListeners='[]', serverMonitorListeners='[]'}, sslSettings=SslSettings{enabled=true, invalidHostNameAllowed=false, context=null}, applicationName='null', compressorList=[], uuidRepresentation=JAVA_LEGACY, serverApi=null, autoEncryptionSettings=null, dnsClient=null, inetAddressResolver=null, contextProvider=null}
2024-10-23T17:47:13.809-05:00  INFO 3688 --- [icfes] [g2j.mongodb.net] org.mongodb.driver.cluster               : Adding discovered server icfes-shard-00-01.7tg2j.mongodb.net:27017 to client view of cluster
2024-10-23T17:47:13.885-05:00  INFO 3688 --- [icfes] [g2j.mongodb.net] org.mongodb.driver.cluster               : Adding discovered server icfes-shard-00-02.7tg2j.mongodb.net:27017 to client view of cluster
2024-10-23T17:47:13.909-05:00  INFO 3688 --- [icfes] [g2j.mongodb.net] org.mongodb.driver.cluster               : Adding discovered server icfes-shard-00-00.7tg2j.mongodb.net:27017 to client view of cluster
2024-10-23T17:47:15.114-05:00  INFO 3688 --- [icfes] [ngodb.net:27017] org.mongodb.driver.cluster               : Monitor thread successfully connected to server with description ServerDescription{address=icfes-shard-00-01.7tg2j.mongodb.net:27017, type=REPLICA_SET_PRIMARY, state=CONNECTED, ok=true, minWireVersion=0, maxWireVersion=21, maxDocumentSize=16777216, logicalSessionTimeoutMinutes=30, roundTripTimeNanos=563365400, setName='atlas-14c1jm-shard-0', canonicalAddress=icfes-shard-00-01.7tg2j.mongodb.net:27017, hosts=[icfes-shard-00-00.7tg2j.mongodb.net:27017, icfes-shard-00-01.7tg2j.mongodb.net:27017, icfes-shard-00-02.7tg2j.mongodb.net:27017], passives=[], arbiters=[], primary='icfes-shard-00-01.7tg2j.mongodb.net:27017', tagSet=TagSet{[Tag{name='availabilityZone', value='use1-az1'}, Tag{name='diskState', value='READY'}, Tag{name='nodeType', value='ELECTABLE'}, Tag{name='provider', value='AWS'}, Tag{name='region', value='US_EAST_1'}, Tag{name='workloadType', value='OPERATIONAL'}]}, electionId=7fffffff0000000000000148, setVersion=110, topologyVersion=TopologyVersion{processId=6716b9385fe7e7b36b188c0f, counter=6}, lastWriteDate=Wed Oct 23 17:47:14 COT 2024, lastUpdateTimeNanos=8099961879800}
2024-10-23T17:47:15.116-05:00  INFO 3688 --- [icfes] [ngodb.net:27017] org.mongodb.driver.cluster               : Monitor thread successfully connected to server with description ServerDescription{address=icfes-shard-00-00.7tg2j.mongodb.net:27017, type=REPLICA_SET_SECONDARY, state=CONNECTED, ok=true, minWireVersion=0, maxWireVersion=21, maxDocumentSize=16777216, logicalSessionTimeoutMinutes=30, roundTripTimeNanos=563688900, setName='atlas-14c1jm-shard-0', canonicalAddress=icfes-shard-00-00.7tg2j.mongodb.net:27017, hosts=[icfes-shard-00-00.7tg2j.mongodb.net:27017, icfes-shard-00-01.7tg2j.mongodb.net:27017, icfes-shard-00-02.7tg2j.mongodb.net:27017], passives=[], arbiters=[], primary='icfes-shard-00-01.7tg2j.mongodb.net:27017', tagSet=TagSet{[Tag{name='availabilityZone', value='use1-az6'}, Tag{name='diskState', value='READY'}, Tag{name='nodeType', value='ELECTABLE'}, Tag{name='provider', value='AWS'}, Tag{name='region', value='US_EAST_1'}, Tag{name='workloadType', value='OPERATIONAL'}]}, electionId=null, setVersion=110, topologyVersion=TopologyVersion{processId=6716bac0de680b4505a1f8cb, counter=4}, lastWriteDate=Wed Oct 23 17:47:14 COT 2024, lastUpdateTimeNanos=8099962114500}
2024-10-23T17:47:15.116-05:00  INFO 3688 --- [icfes] [ngodb.net:27017] org.mongodb.driver.cluster               : Monitor thread successfully connected to server with description ServerDescription{address=icfes-shard-00-02.7tg2j.mongodb.net:27017, type=REPLICA_SET_SECONDARY, state=CONNECTED, ok=true, minWireVersion=0, maxWireVersion=21, maxDocumentSize=16777216, logicalSessionTimeoutMinutes=30, roundTripTimeNanos=565565200, setName='atlas-14c1jm-shard-0', canonicalAddress=icfes-shard-00-02.7tg2j.mongodb.net:27017, hosts=[icfes-shard-00-00.7tg2j.mongodb.net:27017, icfes-shard-00-01.7tg2j.mongodb.net:27017, icfes-shard-00-02.7tg2j.mongodb.net:27017], passives=[], arbiters=[], primary='icfes-shard-00-01.7tg2j.mongodb.net:27017', tagSet=TagSet{[Tag{name='availabilityZone', value='use1-az2'}, Tag{name='diskState', value='READY'}, Tag{name='nodeType', value='ELECTABLE'}, Tag{name='provider', value='AWS'}, Tag{name='region', value='US_EAST_1'}, Tag{name='workloadType', value='OPERATIONAL'}]}, electionId=null, setVersion=110, topologyVersion=TopologyVersion{processId=6716bc1c7417a14755bf525d, counter=3}, lastWriteDate=Wed Oct 23 17:47:14 COT 2024, lastUpdateTimeNanos=8099961370700}
2024-10-23T17:47:15.120-05:00  INFO 3688 --- [icfes] [ngodb.net:27017] org.mongodb.driver.cluster               : Discovered replica set primary icfes-shard-00-01.7tg2j.mongodb.net:27017 with max election id 7fffffff0000000000000148 and max set version 110
2024-10-23T17:47:15.874-05:00  INFO 3688 --- [icfes] [           main] c.proadmin.icfes.IcfesApplicationTests   : Started IcfesApplicationTests in 5.303 seconds (process running for 7.006)
]]></system-out>
  </testcase>
</testsuite>